build/app/intermediates/manifest_merge_blame_file/debug/manifest-merger-blame-debug-report.txt
1<?xml version="1.0" encoding="utf-8"?>
2<manifest xmlns:android="http://schemas.android.com/apk/res/android"
3    package="br.com.hvc.chat_online"
4    android:versionCode="1"
5    android:versionName="1.0.0" >
6
7    <uses-sdk
8        android:minSdkVersion="16"
9        android:targetSdkVersion="28" />
10    <!--
11         Flutter needs it to communicate with the running application
12         to allow setting breakpoints, to provide hot reload, etc.
13    -->
14    <uses-permission android:name="android.permission.INTERNET" />
14-->src\debug\AndroidManifest.xml:6:5-66
14-->src\debug\AndroidManifest.xml:6:22-64
15    <uses-permission android:name="android.permission.READ_EXTERNAL_STORAGE" />
15-->[:image_picker] AndroidManifest.xml:7:5-80
15-->[:image_picker] AndroidManifest.xml:7:22-77
16    <uses-permission android:name="android.permission.WRITE_EXTERNAL_STORAGE" />
16-->[:image_picker] AndroidManifest.xml:8:5-81
16-->[:image_picker] AndroidManifest.xml:8:22-78
17    <uses-permission android:name="android.permission.ACCESS_NETWORK_STATE" />
17-->[com.firebaseui:firebase-ui-auth:4.3.1] AndroidManifest.xml:12:5-79
17-->[com.firebaseui:firebase-ui-auth:4.3.1] AndroidManifest.xml:12:22-76
18    <uses-permission android:name="android.permission.WAKE_LOCK" /> <!-- Required by older versions of Google Play services to create IID tokens -->
18-->[com.google.android.gms:play-services-measurement-api:17.0.0] AndroidManifest.xml:24:5-68
18-->[com.google.android.gms:play-services-measurement-api:17.0.0] AndroidManifest.xml:24:22-65
19    <uses-permission android:name="com.google.android.c2dm.permission.RECEIVE" />
19-->[com.google.firebase:firebase-iid:19.0.0] AndroidManifest.xml:26:5-82
19-->[com.google.firebase:firebase-iid:19.0.0] AndroidManifest.xml:26:22-79
20    <uses-permission android:name="com.google.android.finsky.permission.BIND_GET_INSTALL_REFERRER_SERVICE" />
20-->[com.google.android.gms:play-services-measurement:17.0.0] AndroidManifest.xml:26:5-110
20-->[com.google.android.gms:play-services-measurement:17.0.0] AndroidManifest.xml:26:22-107
21    <!--
22 io.flutter.app.FlutterApplication is an android.app.Application that
23         calls FlutterMain.startInitialization(this); in its onCreate method.
24         In most cases you can leave this as-is, but you if you want to provide
25         additional functionality it is fine to subclass or reimplement
26         FlutterApplication and put your custom class here.
27    -->
28    <application
28-->src\main\AndroidManifest.xml:8:5-29:19
29        android:name="io.flutter.app.FlutterApplication"
29-->src\main\AndroidManifest.xml:9:9-57
30        android:appComponentFactory="androidx.core.app.CoreComponentFactory"
30-->[androidx.core:core:1.0.2] AndroidManifest.xml:22:18-86
31        android:debuggable="true"
32        android:icon="@mipmap/ic_launcher"
32-->src\main\AndroidManifest.xml:11:9-43
33        android:label="chat_online" >
33-->src\main\AndroidManifest.xml:10:9-36
34        <activity
34-->src\main\AndroidManifest.xml:12:9-23:20
35            android:name="br.com.hvc.chat_online.MainActivity"
35-->src\main\AndroidManifest.xml:13:13-41
36            android:configChanges="orientation|keyboardHidden|keyboard|screenSize|smallestScreenSize|locale|layoutDirection|fontScale|screenLayout|density|uiMode"
36-->src\main\AndroidManifest.xml:16:13-163
37            android:hardwareAccelerated="true"
37-->src\main\AndroidManifest.xml:17:13-47
38            android:launchMode="singleTop"
38-->src\main\AndroidManifest.xml:14:13-43
39            android:theme="@style/LaunchTheme"
39-->src\main\AndroidManifest.xml:15:13-47
40            android:windowSoftInputMode="adjustResize" >
40-->src\main\AndroidManifest.xml:18:13-55
41            <intent-filter>
41-->src\main\AndroidManifest.xml:19:13-22:29
42                <action android:name="android.intent.action.MAIN" />
42-->src\main\AndroidManifest.xml:20:17-68
42-->src\main\AndroidManifest.xml:20:25-66
43
44                <category android:name="android.intent.category.LAUNCHER" />
44-->src\main\AndroidManifest.xml:21:17-76
44-->src\main\AndroidManifest.xml:21:27-74
45            </intent-filter>
46        </activity>
47        <!--
48             Don't delete the meta-data below.
49             This is used by the Flutter tool to generate GeneratedPluginRegistrant.java
50        -->
51        <meta-data
51-->src\main\AndroidManifest.xml:26:9-28:33
52            android:name="flutterEmbedding"
52-->src\main\AndroidManifest.xml:27:13-44
53            android:value="2" />
53-->src\main\AndroidManifest.xml:28:13-30
54
55        <service
55-->[:firebase_storage] AndroidManifest.xml:8:9-12:19
56            android:name="com.google.firebase.components.ComponentDiscoveryService"
56-->[:firebase_storage] AndroidManifest.xml:8:18-89
57            android:directBootAware="true"
57-->[com.google.firebase:firebase-common:19.3.0] AndroidManifest.xml:34:13-43
58            android:exported="false" >
58-->[com.google.firebase:firebase-auth:19.2.0] AndroidManifest.xml:35:13-37
59            <meta-data
59-->[:firebase_storage] AndroidManifest.xml:9:13-11:85
60                android:name="com.google.firebase.components:io.flutter.plugins.firebase.storage.FlutterFirebaseAppRegistrar"
60-->[:firebase_storage] AndroidManifest.xml:10:17-126
61                android:value="com.google.firebase.components.ComponentRegistrar" />
61-->[:firebase_storage] AndroidManifest.xml:11:17-82
62            <meta-data
62-->[:firebase_auth] AndroidManifest.xml:9:13-11:85
63                android:name="com.google.firebase.components:io.flutter.plugins.firebaseauth.FlutterFirebaseAppRegistrar"
63-->[:firebase_auth] AndroidManifest.xml:10:17-122
64                android:value="com.google.firebase.components.ComponentRegistrar" />
64-->[:firebase_auth] AndroidManifest.xml:11:17-82
65            <meta-data
65-->[:cloud_firestore] AndroidManifest.xml:9:13-11:85
66                android:name="com.google.firebase.components:io.flutter.plugins.firebase.cloudfirestore.FlutterFirebaseAppRegistrar"
66-->[:cloud_firestore] AndroidManifest.xml:10:17-133
67                android:value="com.google.firebase.components.ComponentRegistrar" />
67-->[:cloud_firestore] AndroidManifest.xml:11:17-82
68            <meta-data
68-->[:firebase_core] AndroidManifest.xml:9:13-11:85
69                android:name="com.google.firebase.components:io.flutter.plugins.firebase.core.FlutterFirebaseAppRegistrar"
69-->[:firebase_core] AndroidManifest.xml:10:17-123
70                android:value="com.google.firebase.components.ComponentRegistrar" />
70-->[:firebase_core] AndroidManifest.xml:11:17-82
71            <meta-data
71-->[com.google.firebase:firebase-auth:19.2.0] AndroidManifest.xml:36:13-38:85
72                android:name="com.google.firebase.components:com.google.firebase.auth.FirebaseAuthRegistrar"
72-->[com.google.firebase:firebase-auth:19.2.0] AndroidManifest.xml:37:17-109
73                android:value="com.google.firebase.components.ComponentRegistrar" />
73-->[com.google.firebase:firebase-auth:19.2.0] AndroidManifest.xml:38:17-82
74            <meta-data
74-->[com.google.firebase:firebase-storage:17.0.0] AndroidManifest.xml:31:13-33:85
75                android:name="com.google.firebase.components:com.google.firebase.storage.StorageRegistrar"
75-->[com.google.firebase:firebase-storage:17.0.0] AndroidManifest.xml:32:17-107
76                android:value="com.google.firebase.components.ComponentRegistrar" />
76-->[com.google.firebase:firebase-storage:17.0.0] AndroidManifest.xml:33:17-82
77            <meta-data
77-->[com.google.firebase:firebase-firestore:21.3.0] AndroidManifest.xml:20:13-22:85
78                android:name="com.google.firebase.components:com.google.firebase.firestore.FirestoreRegistrar"
78-->[com.google.firebase:firebase-firestore:21.3.0] AndroidManifest.xml:21:17-111
79                android:value="com.google.firebase.components.ComponentRegistrar" />
79-->[com.google.firebase:firebase-firestore:21.3.0] AndroidManifest.xml:22:17-82
80            <meta-data
80-->[com.google.android.gms:play-services-measurement-api:17.0.0] AndroidManifest.xml:30:13-32:85
81                android:name="com.google.firebase.components:com.google.firebase.analytics.connector.internal.AnalyticsConnectorRegistrar"
81-->[com.google.android.gms:play-services-measurement-api:17.0.0] AndroidManifest.xml:31:17-139
82                android:value="com.google.firebase.components.ComponentRegistrar" />
82-->[com.google.android.gms:play-services-measurement-api:17.0.0] AndroidManifest.xml:32:17-82
83            <meta-data
83-->[com.google.firebase:firebase-iid:19.0.0] AndroidManifest.xml:32:13-34:85
84                android:name="com.google.firebase.components:com.google.firebase.iid.Registrar"
84-->[com.google.firebase:firebase-iid:19.0.0] AndroidManifest.xml:33:17-96
85                android:value="com.google.firebase.components.ComponentRegistrar" />
85-->[com.google.firebase:firebase-iid:19.0.0] AndroidManifest.xml:34:17-82
86        </service>
87
88        <provider
88-->[:image_picker] AndroidManifest.xml:11:9-19:20
89            android:name="io.flutter.plugins.imagepicker.ImagePickerFileProvider"
89-->[:image_picker] AndroidManifest.xml:12:13-82
90            android:authorities="br.com.hvc.chat_online.flutter.image_provider"
90-->[:image_picker] AndroidManifest.xml:13:13-74
91            android:exported="false"
91-->[:image_picker] AndroidManifest.xml:14:13-37
92            android:grantUriPermissions="true" >
92-->[:image_picker] AndroidManifest.xml:15:13-47
93            <meta-data
93-->[:image_picker] AndroidManifest.xml:16:13-18:75
94                android:name="android.support.FILE_PROVIDER_PATHS"
94-->[:image_picker] AndroidManifest.xml:17:17-67
95                android:resource="@xml/flutter_image_picker_file_paths" />
95-->[:image_picker] AndroidManifest.xml:18:17-72
96        </provider>
97
98        <meta-data
98-->[com.firebaseui:firebase-ui-auth:4.3.1] AndroidManifest.xml:16:9-18:69
99            android:name="com.google.android.gms.version"
99-->[com.firebaseui:firebase-ui-auth:4.3.1] AndroidManifest.xml:17:13-58
100            android:value="@integer/google_play_services_version" />
100-->[com.firebaseui:firebase-ui-auth:4.3.1] AndroidManifest.xml:18:13-66
101        <meta-data
101-->[com.firebaseui:firebase-ui-auth:4.3.1] AndroidManifest.xml:19:9-21:63
102            android:name="com.facebook.sdk.ApplicationId"
102-->[com.firebaseui:firebase-ui-auth:4.3.1] AndroidManifest.xml:20:13-58
103            android:value="@string/facebook_application_id" />
103-->[com.firebaseui:firebase-ui-auth:4.3.1] AndroidManifest.xml:21:13-60
104
105        <activity
105-->[com.firebaseui:firebase-ui-auth:4.3.1] AndroidManifest.xml:23:9-27:61
106            android:name="com.firebase.ui.auth.KickoffActivity"
106-->[com.firebaseui:firebase-ui-auth:4.3.1] AndroidManifest.xml:24:13-64
107            android:exported="false"
107-->[com.firebaseui:firebase-ui-auth:4.3.1] AndroidManifest.xml:25:13-37
108            android:label=""
108-->[com.firebaseui:firebase-ui-auth:4.3.1] AndroidManifest.xml:26:13-29
109            android:theme="@style/FirebaseUI.Transparent" />
109-->[com.firebaseui:firebase-ui-auth:4.3.1] AndroidManifest.xml:27:13-58
110        <activity
110-->[com.firebaseui:firebase-ui-auth:4.3.1] AndroidManifest.xml:28:9-32:61
111            android:name="com.firebase.ui.auth.ui.idp.SingleSignInActivity"
111-->[com.firebaseui:firebase-ui-auth:4.3.1] AndroidManifest.xml:29:13-76
112            android:exported="false"
112-->[com.firebaseui:firebase-ui-auth:4.3.1] AndroidManifest.xml:30:13-37
113            android:label=""
113-->[com.firebaseui:firebase-ui-auth:4.3.1] AndroidManifest.xml:31:13-29
114            android:theme="@style/FirebaseUI.Transparent" />
114-->[com.firebaseui:firebase-ui-auth:4.3.1] AndroidManifest.xml:32:13-58
115        <activity
115-->[com.firebaseui:firebase-ui-auth:4.3.1] AndroidManifest.xml:33:9-37:61
116            android:name="com.firebase.ui.auth.ui.credentials.CredentialSaveActivity"
116-->[com.firebaseui:firebase-ui-auth:4.3.1] AndroidManifest.xml:34:13-86
117            android:exported="false"
117-->[com.firebaseui:firebase-ui-auth:4.3.1] AndroidManifest.xml:35:13-37
118            android:label=""
118-->[com.firebaseui:firebase-ui-auth:4.3.1] AndroidManifest.xml:36:13-29
119            android:theme="@style/FirebaseUI.Transparent" />
119-->[com.firebaseui:firebase-ui-auth:4.3.1] AndroidManifest.xml:37:13-58
120        <activity
120-->[com.firebaseui:firebase-ui-auth:4.3.1] AndroidManifest.xml:38:9-42:58
121            android:name="com.firebase.ui.auth.ui.email.RecoverPasswordActivity"
121-->[com.firebaseui:firebase-ui-auth:4.3.1] AndroidManifest.xml:39:13-81
122            android:exported="false"
122-->[com.firebaseui:firebase-ui-auth:4.3.1] AndroidManifest.xml:40:13-37
123            android:label="@string/fui_title_recover_password_activity"
123-->[com.firebaseui:firebase-ui-auth:4.3.1] AndroidManifest.xml:41:13-72
124            android:windowSoftInputMode="adjustResize" />
124-->[com.firebaseui:firebase-ui-auth:4.3.1] AndroidManifest.xml:42:13-55
125        <activity
125-->[com.firebaseui:firebase-ui-auth:4.3.1] AndroidManifest.xml:43:9-47:58
126            android:name="com.firebase.ui.auth.ui.email.EmailActivity"
126-->[com.firebaseui:firebase-ui-auth:4.3.1] AndroidManifest.xml:44:13-71
127            android:exported="false"
127-->[com.firebaseui:firebase-ui-auth:4.3.1] AndroidManifest.xml:45:13-37
128            android:label="@string/fui_sign_in_default"
128-->[com.firebaseui:firebase-ui-auth:4.3.1] AndroidManifest.xml:46:13-56
129            android:windowSoftInputMode="adjustResize" />
129-->[com.firebaseui:firebase-ui-auth:4.3.1] AndroidManifest.xml:47:13-55
130        <activity
130-->[com.firebaseui:firebase-ui-auth:4.3.1] AndroidManifest.xml:48:9-52:77
131            android:name="com.firebase.ui.auth.ui.phone.PhoneActivity"
131-->[com.firebaseui:firebase-ui-auth:4.3.1] AndroidManifest.xml:49:13-71
132            android:exported="false"
132-->[com.firebaseui:firebase-ui-auth:4.3.1] AndroidManifest.xml:50:13-37
133            android:label="@string/fui_sign_in_with_phone_number"
133-->[com.firebaseui:firebase-ui-auth:4.3.1] AndroidManifest.xml:51:13-66
134            android:windowSoftInputMode="adjustResize|stateAlwaysVisible" />
134-->[com.firebaseui:firebase-ui-auth:4.3.1] AndroidManifest.xml:52:13-74
135        <activity
135-->[com.firebaseui:firebase-ui-auth:4.3.1] AndroidManifest.xml:53:9-57:58
136            android:name="com.firebase.ui.auth.ui.idp.WelcomeBackIdpPrompt"
136-->[com.firebaseui:firebase-ui-auth:4.3.1] AndroidManifest.xml:54:13-76
137            android:exported="false"
137-->[com.firebaseui:firebase-ui-auth:4.3.1] AndroidManifest.xml:55:13-37
138            android:label="@string/fui_title_welcome_back_idp_prompt"
138-->[com.firebaseui:firebase-ui-auth:4.3.1] AndroidManifest.xml:56:13-70
139            android:windowSoftInputMode="adjustResize" />
139-->[com.firebaseui:firebase-ui-auth:4.3.1] AndroidManifest.xml:57:13-55
140        <activity
140-->[com.firebaseui:firebase-ui-auth:4.3.1] AndroidManifest.xml:58:9-62:58
141            android:name="com.firebase.ui.auth.ui.email.WelcomeBackPasswordPrompt"
141-->[com.firebaseui:firebase-ui-auth:4.3.1] AndroidManifest.xml:59:13-83
142            android:exported="false"
142-->[com.firebaseui:firebase-ui-auth:4.3.1] AndroidManifest.xml:60:13-37
143            android:label="@string/fui_title_welcome_back_password_prompt"
143-->[com.firebaseui:firebase-ui-auth:4.3.1] AndroidManifest.xml:61:13-75
144            android:windowSoftInputMode="adjustResize" />
144-->[com.firebaseui:firebase-ui-auth:4.3.1] AndroidManifest.xml:62:13-55
145        <activity
145-->[com.firebaseui:firebase-ui-auth:4.3.1] AndroidManifest.xml:63:9-67:58
146            android:name="com.firebase.ui.auth.ui.email.WelcomeBackEmailLinkPrompt"
146-->[com.firebaseui:firebase-ui-auth:4.3.1] AndroidManifest.xml:64:13-84
147            android:exported="false"
147-->[com.firebaseui:firebase-ui-auth:4.3.1] AndroidManifest.xml:65:13-37
148            android:label="@string/fui_title_welcome_back_password_prompt"
148-->[com.firebaseui:firebase-ui-auth:4.3.1] AndroidManifest.xml:66:13-75
149            android:windowSoftInputMode="adjustResize" />
149-->[com.firebaseui:firebase-ui-auth:4.3.1] AndroidManifest.xml:67:13-55
150        <activity
150-->[com.firebaseui:firebase-ui-auth:4.3.1] AndroidManifest.xml:68:9-73:58
151            android:name="com.firebase.ui.auth.ui.email.EmailLinkCatcherActivity"
151-->[com.firebaseui:firebase-ui-auth:4.3.1] AndroidManifest.xml:69:13-82
152            android:exported="false"
152-->[com.firebaseui:firebase-ui-auth:4.3.1] AndroidManifest.xml:70:13-37
153            android:label=""
153-->[com.firebaseui:firebase-ui-auth:4.3.1] AndroidManifest.xml:71:13-29
154            android:theme="@style/FirebaseUI.Transparent"
154-->[com.firebaseui:firebase-ui-auth:4.3.1] AndroidManifest.xml:72:13-58
155            android:windowSoftInputMode="adjustResize" />
155-->[com.firebaseui:firebase-ui-auth:4.3.1] AndroidManifest.xml:73:13-55
156        <activity
156-->[com.firebaseui:firebase-ui-auth:4.3.1] AndroidManifest.xml:74:9-78:58
157            android:name="com.firebase.ui.auth.ui.email.EmailLinkErrorRecoveryActivity"
157-->[com.firebaseui:firebase-ui-auth:4.3.1] AndroidManifest.xml:75:13-88
158            android:exported="false"
158-->[com.firebaseui:firebase-ui-auth:4.3.1] AndroidManifest.xml:76:13-37
159            android:label="@string/fui_sign_in_default"
159-->[com.firebaseui:firebase-ui-auth:4.3.1] AndroidManifest.xml:77:13-56
160            android:windowSoftInputMode="adjustResize" />
160-->[com.firebaseui:firebase-ui-auth:4.3.1] AndroidManifest.xml:78:13-55
161        <activity
161-->[com.firebaseui:firebase-ui-auth:4.3.1] AndroidManifest.xml:79:9-82:65
162            android:name="com.firebase.ui.auth.ui.idp.AuthMethodPickerActivity"
162-->[com.firebaseui:firebase-ui-auth:4.3.1] AndroidManifest.xml:80:13-80
163            android:exported="false"
163-->[com.firebaseui:firebase-ui-auth:4.3.1] AndroidManifest.xml:81:13-37
164            android:label="@string/fui_default_toolbar_title" />
164-->[com.firebaseui:firebase-ui-auth:4.3.1] AndroidManifest.xml:82:13-62
165        <activity
165-->[com.firebaseui:firebase-ui-auth:4.3.1] AndroidManifest.xml:83:9-87:48
166            android:name="com.facebook.FacebookActivity"
166-->[com.firebaseui:firebase-ui-auth:4.3.1] AndroidManifest.xml:84:13-57
167            android:configChanges="keyboard|keyboardHidden|screenLayout|screenSize|orientation"
167-->[com.firebaseui:firebase-ui-auth:4.3.1] AndroidManifest.xml:85:13-96
168            android:label="@string/app_name" />
168-->[com.firebaseui:firebase-ui-auth:4.3.1] AndroidManifest.xml:86:13-45
169        <activity
169-->[com.firebaseui:firebase-ui-auth:4.3.1] AndroidManifest.xml:88:9-100:20
170            android:name="com.facebook.CustomTabActivity"
170-->[com.firebaseui:firebase-ui-auth:4.3.1] AndroidManifest.xml:89:13-58
171            android:exported="true" >
171-->[com.firebaseui:firebase-ui-auth:4.3.1] AndroidManifest.xml:90:13-36
172            <intent-filter>
172-->[com.firebaseui:firebase-ui-auth:4.3.1] AndroidManifest.xml:92:13-99:29
173                <action android:name="android.intent.action.VIEW" />
173-->[com.firebaseui:firebase-ui-auth:4.3.1] AndroidManifest.xml:93:17-69
173-->[com.firebaseui:firebase-ui-auth:4.3.1] AndroidManifest.xml:93:25-66
174
175                <category android:name="android.intent.category.DEFAULT" />
175-->[com.firebaseui:firebase-ui-auth:4.3.1] AndroidManifest.xml:95:17-76
175-->[com.firebaseui:firebase-ui-auth:4.3.1] AndroidManifest.xml:95:27-73
176                <category android:name="android.intent.category.BROWSABLE" />
176-->[com.firebaseui:firebase-ui-auth:4.3.1] AndroidManifest.xml:96:17-78
176-->[com.firebaseui:firebase-ui-auth:4.3.1] AndroidManifest.xml:96:27-75
177
178                <data android:scheme="@string/facebook_login_protocol_scheme" />
178-->[com.firebaseui:firebase-ui-auth:4.3.1] AndroidManifest.xml:98:17-81
178-->[com.firebaseui:firebase-ui-auth:4.3.1] AndroidManifest.xml:98:23-78
179            </intent-filter>
180        </activity>
181
182        <provider
182-->[com.firebaseui:firebase-ui-auth:4.3.1] AndroidManifest.xml:102:9-106:38
183            android:name="com.firebase.ui.auth.data.client.AuthUiInitProvider"
183-->[com.firebaseui:firebase-ui-auth:4.3.1] AndroidManifest.xml:103:13-79
184            android:authorities="br.com.hvc.chat_online.authuiinitprovider"
184-->[com.firebaseui:firebase-ui-auth:4.3.1] AndroidManifest.xml:104:13-70
185            android:exported="false"
185-->[com.firebaseui:firebase-ui-auth:4.3.1] AndroidManifest.xml:105:13-37
186            android:initOrder="90" />
186-->[com.firebaseui:firebase-ui-auth:4.3.1] AndroidManifest.xml:106:13-35
187
188        <activity
188-->[com.google.firebase:firebase-auth:19.2.0] AndroidManifest.xml:24:9-31:50
189            android:name="com.google.firebase.auth.internal.FederatedSignInActivity"
189-->[com.google.firebase:firebase-auth:19.2.0] AndroidManifest.xml:25:13-85
190            android:excludeFromRecents="true"
190-->[com.google.firebase:firebase-auth:19.2.0] AndroidManifest.xml:26:13-46
191            android:exported="true"
191-->[com.google.firebase:firebase-auth:19.2.0] AndroidManifest.xml:27:13-36
192            android:launchMode="singleTask"
192-->[com.google.firebase:firebase-auth:19.2.0] AndroidManifest.xml:28:13-44
193            android:permission="com.google.firebase.auth.api.gms.permission.LAUNCH_FEDERATED_SIGN_IN"
193-->[com.google.firebase:firebase-auth:19.2.0] AndroidManifest.xml:29:13-102
194            android:theme="@android:style/Theme.Translucent.NoTitleBar" />
194-->[com.google.firebase:firebase-auth:19.2.0] AndroidManifest.xml:30:13-72
195        <activity
195-->[com.google.android.gms:play-services-auth:16.0.1] AndroidManifest.xml:23:9-27:75
196            android:name="com.google.android.gms.auth.api.signin.internal.SignInHubActivity"
196-->[com.google.android.gms:play-services-auth:16.0.1] AndroidManifest.xml:24:13-93
197            android:excludeFromRecents="true"
197-->[com.google.android.gms:play-services-auth:16.0.1] AndroidManifest.xml:25:13-46
198            android:exported="false"
198-->[com.google.android.gms:play-services-auth:16.0.1] AndroidManifest.xml:26:13-37
199            android:theme="@android:style/Theme.Translucent.NoTitleBar" />
199-->[com.google.android.gms:play-services-auth:16.0.1] AndroidManifest.xml:27:13-72
200        <!--
201            Service handling Google Sign-In user revocation. For apps that do not integrate with
202            Google Sign-In, this service will never be started.
203        -->
204        <service
204-->[com.google.android.gms:play-services-auth:16.0.1] AndroidManifest.xml:33:9-36:110
205            android:name="com.google.android.gms.auth.api.signin.RevocationBoundService"
205-->[com.google.android.gms:play-services-auth:16.0.1] AndroidManifest.xml:34:13-89
206            android:exported="true"
206-->[com.google.android.gms:play-services-auth:16.0.1] AndroidManifest.xml:35:13-36
207            android:permission="com.google.android.gms.auth.api.signin.permission.REVOCATION_NOTIFICATION" />
207-->[com.google.android.gms:play-services-auth:16.0.1] AndroidManifest.xml:36:13-107
208
209        <receiver
209-->[com.google.firebase:firebase-iid:19.0.0] AndroidManifest.xml:37:9-44:20
210            android:name="com.google.firebase.iid.FirebaseInstanceIdReceiver"
210-->[com.google.firebase:firebase-iid:19.0.0] AndroidManifest.xml:38:13-78
211            android:exported="true"
211-->[com.google.firebase:firebase-iid:19.0.0] AndroidManifest.xml:39:13-36
212            android:permission="com.google.android.c2dm.permission.SEND" >
212-->[com.google.firebase:firebase-iid:19.0.0] AndroidManifest.xml:40:13-73
213            <intent-filter>
213-->[com.google.firebase:firebase-iid:19.0.0] AndroidManifest.xml:41:13-43:29
214                <action android:name="com.google.android.c2dm.intent.RECEIVE" />
214-->[com.google.firebase:firebase-iid:19.0.0] AndroidManifest.xml:42:17-81
214-->[com.google.firebase:firebase-iid:19.0.0] AndroidManifest.xml:42:25-78
215            </intent-filter>
216        </receiver>
217
218        <provider
218-->[com.google.firebase:firebase-common:19.3.0] AndroidManifest.xml:26:9-30:39
219            android:name="com.google.firebase.provider.FirebaseInitProvider"
219-->[com.google.firebase:firebase-common:19.3.0] AndroidManifest.xml:27:13-77
220            android:authorities="br.com.hvc.chat_online.firebaseinitprovider"
220-->[com.google.firebase:firebase-common:19.3.0] AndroidManifest.xml:28:13-72
221            android:exported="false"
221-->[com.google.firebase:firebase-common:19.3.0] AndroidManifest.xml:29:13-37
222            android:initOrder="100" />
222-->[com.google.firebase:firebase-common:19.3.0] AndroidManifest.xml:30:13-36
223
224        <receiver
224-->[com.google.android.gms:play-services-measurement:17.0.0] AndroidManifest.xml:29:9-33:20
225            android:name="com.google.android.gms.measurement.AppMeasurementReceiver"
225-->[com.google.android.gms:play-services-measurement:17.0.0] AndroidManifest.xml:30:13-85
226            android:enabled="true"
226-->[com.google.android.gms:play-services-measurement:17.0.0] AndroidManifest.xml:31:13-35
227            android:exported="false" >
227-->[com.google.android.gms:play-services-measurement:17.0.0] AndroidManifest.xml:32:13-37
228        </receiver>
229        <receiver
229-->[com.google.android.gms:play-services-measurement:17.0.0] AndroidManifest.xml:34:9-42:20
230            android:name="com.google.android.gms.measurement.AppMeasurementInstallReferrerReceiver"
230-->[com.google.android.gms:play-services-measurement:17.0.0] AndroidManifest.xml:35:13-100
231            android:enabled="true"
231-->[com.google.android.gms:play-services-measurement:17.0.0] AndroidManifest.xml:36:13-35
232            android:exported="true"
232-->[com.google.android.gms:play-services-measurement:17.0.0] AndroidManifest.xml:37:13-36
233            android:permission="android.permission.INSTALL_PACKAGES" >
233-->[com.google.android.gms:play-services-measurement:17.0.0] AndroidManifest.xml:38:13-69
234            <intent-filter>
234-->[com.google.android.gms:play-services-measurement:17.0.0] AndroidManifest.xml:39:13-41:29
235                <action android:name="com.android.vending.INSTALL_REFERRER" />
235-->[com.google.android.gms:play-services-measurement:17.0.0] AndroidManifest.xml:40:17-79
235-->[com.google.android.gms:play-services-measurement:17.0.0] AndroidManifest.xml:40:25-76
236            </intent-filter>
237        </receiver>
238
239        <service
239-->[com.google.android.gms:play-services-measurement:17.0.0] AndroidManifest.xml:44:9-47:40
240            android:name="com.google.android.gms.measurement.AppMeasurementService"
240-->[com.google.android.gms:play-services-measurement:17.0.0] AndroidManifest.xml:45:13-84
241            android:enabled="true"
241-->[com.google.android.gms:play-services-measurement:17.0.0] AndroidManifest.xml:46:13-35
242            android:exported="false" />
242-->[com.google.android.gms:play-services-measurement:17.0.0] AndroidManifest.xml:47:13-37
243        <service
243-->[com.google.android.gms:play-services-measurement:17.0.0] AndroidManifest.xml:48:9-52:72
244            android:name="com.google.android.gms.measurement.AppMeasurementJobService"
244-->[com.google.android.gms:play-services-measurement:17.0.0] AndroidManifest.xml:49:13-87
245            android:enabled="true"
245-->[com.google.android.gms:play-services-measurement:17.0.0] AndroidManifest.xml:50:13-35
246            android:exported="false"
246-->[com.google.android.gms:play-services-measurement:17.0.0] AndroidManifest.xml:51:13-37
247            android:permission="android.permission.BIND_JOB_SERVICE" />
247-->[com.google.android.gms:play-services-measurement:17.0.0] AndroidManifest.xml:52:13-69
248
249        <activity
249-->[com.google.android.gms:play-services-base:17.1.0] AndroidManifest.xml:23:9-26:75
250            android:name="com.google.android.gms.common.api.GoogleApiActivity"
250-->[com.google.android.gms:play-services-base:17.1.0] AndroidManifest.xml:24:13-79
251            android:exported="false"
251-->[com.google.android.gms:play-services-base:17.1.0] AndroidManifest.xml:25:13-37
252            android:theme="@android:style/Theme.Translucent.NoTitleBar" />
252-->[com.google.android.gms:play-services-base:17.1.0] AndroidManifest.xml:26:13-72
253
254        <provider
254-->[androidx.lifecycle:lifecycle-process:2.0.0] AndroidManifest.xml:23:9-27:43
255            android:name="androidx.lifecycle.ProcessLifecycleOwnerInitializer"
255-->[androidx.lifecycle:lifecycle-process:2.0.0] AndroidManifest.xml:24:13-79
256            android:authorities="br.com.hvc.chat_online.lifecycle-process"
256-->[androidx.lifecycle:lifecycle-process:2.0.0] AndroidManifest.xml:25:13-69
257            android:exported="false"
257-->[androidx.lifecycle:lifecycle-process:2.0.0] AndroidManifest.xml:26:13-37
258            android:multiprocess="true" />
258-->[androidx.lifecycle:lifecycle-process:2.0.0] AndroidManifest.xml:27:13-40
259    </application>
260
261</manifest>